<?xml version="1.0" encoding="UTF-8"?>
<testng-results skipped="0" failed="0" ignored="0" total="1" passed="1">
  <reporter-output>
  </reporter-output>
  <suite name="Surefire suite" duration-ms="2854" started-at="2021-08-29T15:23:55Z" finished-at="2021-08-29T15:23:58Z">
    <groups>
    </groups>
    <test name="Surefire test" duration-ms="2854" started-at="2021-08-29T15:23:55Z" finished-at="2021-08-29T15:23:58Z">
      <class name="com.example.NewTest">
        <test-method status="PASS" signature="beforeTest()[pri:0, instance:com.example.NewTest@30c7da1e]" name="beforeTest" is-config="true" duration-ms="1480" started-at="2021-08-29T15:23:55Z" finished-at="2021-08-29T15:23:57Z">
          <reporter-output>
          </reporter-output>
        </test-method> <!-- beforeTest -->
        <test-method status="PASS" signature="testEasy()[pri:0, instance:com.example.NewTest@30c7da1e]" name="testEasy" duration-ms="787" started-at="2021-08-29T15:23:57Z" finished-at="2021-08-29T15:23:57Z">
          <reporter-output>
          </reporter-output>
        </test-method> <!-- testEasy -->
        <test-method status="PASS" signature="afterTest()[pri:0, instance:com.example.NewTest@30c7da1e]" name="afterTest" is-config="true" duration-ms="567" started-at="2021-08-29T15:23:57Z" finished-at="2021-08-29T15:23:58Z">
          <reporter-output>
          </reporter-output>
        </test-method> <!-- afterTest -->
      </class> <!-- com.example.NewTest -->
    </test> <!-- Surefire test -->
  </suite> <!-- Surefire suite -->
</testng-results>
