<?xml version="1.0" encoding="UTF-8"?>
<!-- Generated by org.testng.reporters.JUnitXMLReporter -->
<testsuite hostname="ip-172-31-76-186" ignored="0" name="Test" tests="3" failures="1" timestamp="2021-08-28T16:54:14 UTC" time="8.341" errors="0">
  <testcase name="Launch" time="4.282" classname="com.company.Assertions"/>
  <testcase name="Facebook" time="3.684" classname="com.company.Assertions"/>
  <testcase name="Login" time="0.282" classname="com.company.Assertions">
    <failure type="java.lang.AssertionError" message="The following asserts failed:
	expected [Facebook - Log In or Sign Up] but found [fdfsfFacebook - Log In or Sign Up]">
      <![CDATA[java.lang.AssertionError: The following asserts failed:
expected [Facebook - Log In or Sign Up] but found [fdfsfFacebook - Log In or Sign Up]
at com.company.Assertions.Login(Assertions.java:48)
at java.util.ArrayList.forEach(ArrayList.java:1257)
... Removed 29 stack frames]]>
    </failure>
  </testcase> <!-- Login -->
</testsuite> <!-- Test -->
